<?xml version="1.0" encoding="UTF-8"?>
<testsuite xmlns:xsi="http://www.w3.org/2001/XMLSchema-instance" xsi:noNamespaceSchemaLocation="https://maven.apache.org/surefire/maven-surefire-plugin/xsd/surefire-test-report.xsd" name="com.xqy.es.MallSearchApplicationTests" time="38.39" tests="3" errors="0" skipped="0" failures="0">
  <properties>
[...]
</properties>
  <testcase name="testGetAllEsProductList" classname="com.xqy.es.MallSearchApplicationTests" time="32.439"/>
  <testcase name="testEsProductMapping" classname="com.xqy.es.MallSearchApplicationTests" time="0.057"/>
  <testcase name="contextLoads" classname="com.xqy.es.MallSearchApplicationTests" time="0.002"/>
</testsuite>